Symlinking /home/abhishek/catkin_ws/devel/include/luminosity_drone/Info.h
Symlinking /home/abhishek/catkin_ws/devel/include/luminosity_drone/Biolocation.h
Symlinking /home/abhishek/catkin_ws/devel/lib/python3/dist-packages/luminosity_drone/__init__.py
Symlinking /home/abhishek/catkin_ws/devel/lib/python3/dist-packages/luminosity_drone/msg/__init__.py
Symlinking /home/abhishek/catkin_ws/devel/lib/python3/dist-packages/luminosity_drone/msg/_Biolocation.py
Symlinking /home/abhishek/catkin_ws/devel/lib/python3/dist-packages/luminosity_drone/msg/_Info.py
Symlinking /home/abhishek/catkin_ws/devel/lib/pkgconfig/luminosity_drone.pc
Symlinking /home/abhishek/catkin_ws/devel/share/gennodejs/ros/luminosity_drone/_index.js
Symlinking /home/abhishek/catkin_ws/devel/share/gennodejs/ros/luminosity_drone/msg/_index.js
Symlinking /home/abhishek/catkin_ws/devel/share/gennodejs/ros/luminosity_drone/msg/Biolocation.js
Symlinking /home/abhishek/catkin_ws/devel/share/gennodejs/ros/luminosity_drone/msg/Info.js
Symlinking /home/abhishek/catkin_ws/devel/share/luminosity_drone/cmake/luminosity_drone-msg-extras.cmake
Symlinking /home/abhishek/catkin_ws/devel/share/luminosity_drone/cmake/luminosity_droneConfig.cmake
Symlinking /home/abhishek/catkin_ws/devel/share/luminosity_drone/cmake/luminosity_drone-msg-paths.cmake
Symlinking /home/abhishek/catkin_ws/devel/share/luminosity_drone/cmake/luminosity_droneConfig-version.cmake
Symlinking /home/abhishek/catkin_ws/devel/share/common-lisp/ros/luminosity_drone/msg/_package.lisp
Symlinking /home/abhishek/catkin_ws/devel/share/common-lisp/ros/luminosity_drone/msg/Biolocation.lisp
Symlinking /home/abhishek/catkin_ws/devel/share/common-lisp/ros/luminosity_drone/msg/luminosity_drone-msg.asd
Symlinking /home/abhishek/catkin_ws/devel/share/common-lisp/ros/luminosity_drone/msg/Info.lisp
Symlinking /home/abhishek/catkin_ws/devel/share/common-lisp/ros/luminosity_drone/msg/_package_Biolocation.lisp
Symlinking /home/abhishek/catkin_ws/devel/share/common-lisp/ros/luminosity_drone/msg/_package_Info.lisp
Symlinking /home/abhishek/catkin_ws/devel/share/roseus/ros/luminosity_drone/manifest.l
Symlinking /home/abhishek/catkin_ws/devel/share/roseus/ros/luminosity_drone/msg/Info.l
Symlinking /home/abhishek/catkin_ws/devel/share/roseus/ros/luminosity_drone/msg/Biolocation.l
